Error de número en la sucursal: 1,Laptop Asus,9999,Electronica,2030-01-01,Asus,7500.00,5
Error de número en la sucursal: 3,Jabon Protex,1002,Limpieza,2028-05-01,Protex,5.00,100
Error de número en el producto: SucursalID,Nombre,CodigoBarra,Categoria,FechaCaducidad,Marca,Precio,Stock
No existe la sucursal con id 4 para el producto: Tomate Roma 1lb
No existe la sucursal con id 4 para el producto: Cebolla Blanca 1lb
No existe la sucursal con id 4 para el producto: Azúcar Blanca 5lb
No existe la sucursal con id 4 para el producto: Sal Yodada 500g
No existe la sucursal con id 5 para el producto: Refresco Naranja 2L
No existe la sucursal con id 5 para el producto: Cereal de Maíz 500g
No existe la sucursal con id 6 para el producto: Papel Higiénico x4
No existe la sucursal con id 6 para el producto: Café Molido 250g
No existe la sucursal con id 7 para el producto: Galletas Soda 400g
No existe la sucursal con id 7 para el producto: Mantequilla 200g
No existe la sucursal con id 8 para el producto: Crema de Maíz 400g
Error de número en la sucursal: ID,Nombre,Ubicacion,t_ingreso,t_traspaso,t_despacho
Error de número en la sucursal: ID,Nombre,Ubicacion,t_ingreso,t_traspaso,t_despacho
Error de número en la arista: OrigenID,DestinoID,Tiempo,Costo
Error de número en el producto: SucursalID,Nombre,CodigoBarra,Categoria,FechaCaducidad,Marca,Precio,Stock
Error de número en la sucursal: ID,Nombre,Ubicacion,t_ingreso,t_traspaso,t_despacho
Error de número en la arista: OrigenID,DestinoID,Tiempo,Costo
Error de número en el producto: SucursalID,Nombre,CodigoBarra,Categoria,FechaCaducidad,Marca,Precio,Stock
Error de número en la sucursal: ID,Nombre,Ubicacion,t_ingreso,t_traspaso,t_despacho
Error de número en la arista: OrigenID,DestinoID,Tiempo,Costo
Error de número en el producto: SucursalID,Nombre,CodigoBarra,Categoria,FechaCaducidad,Marca,Precio,Stock
Error de número en la sucursal: ID,Nombre,Ubicacion,t_ingreso,t_traspaso,t_despacho
Error de número en la arista: OrigenID,DestinoID,Tiempo,Costo
Error de número en el producto: SucursalID,Nombre,CodigoBarra,Categoria,FechaCaducidad,Marca,Precio,Stock
Error de número en la sucursal: ID,Nombre,Ubicacion,t_ingreso,t_traspaso,t_despacho
Error de número en la arista: OrigenID,DestinoID,Tiempo,Costo
Error de número en el producto: SucursalID,Nombre,CodigoBarra,Categoria,FechaCaducidad,Marca,Precio,Stock
Error de número en la sucursal: ID,Nombre,Ubicacion,t_ingreso,t_traspaso,t_despacho
Error de número en la arista: OrigenID,DestinoID,Tiempo,Costo
Error de número en el producto: SucursalID,Nombre,CodigoBarra,Categoria,FechaCaducidad,Marca,Precio,Stock
Error de número en la sucursal: ID,Nombre,Ubicacion,t_ingreso,t_traspaso,t_despacho
Error de número en la arista: OrigenID,DestinoID,Tiempo,Costo
Error de número en el producto: SucursalID,Nombre,CodigoBarra,Categoria,FechaCaducidad,Marca,Precio,Stock
Error de número en la sucursal: ID,Nombre,Ubicacion,t_ingreso,t_traspaso,t_despacho
Error de número en la arista: OrigenID,DestinoID,Tiempo,Costo
Error de número en el producto: SucursalID,Nombre,CodigoBarra,Categoria,FechaCaducidad,Marca,Precio,Stock
Error de número en la sucursal: ID,Nombre,Ubicacion,t_ingreso,t_traspaso,t_despacho
Error de número en la arista: OrigenID,DestinoID,Tiempo,Costo
Error de número en el producto: SucursalID,Nombre,CodigoBarra,Categoria,FechaCaducidad,Marca,Precio,Stock
Error de número en la sucursal: ID,Nombre,Ubicacion,t_ingreso,t_traspaso,t_despacho
Error de número en la arista: OrigenID,DestinoID,Tiempo,Costo
Error de número en el producto: SucursalID,Nombre,CodigoBarra,Categoria,FechaCaducidad,Marca,Precio,Stock
